0 info it worked if it ends with ok
1 verbose cli [ '/usr/local/bin/node', '/usr/local/bin/npm', 'publish' ]
2 info using npm@2.10.1
3 info using node@v0.12.4
4 verbose publish [ '.' ]
5 silly cache add args [ '.', null ]
6 verbose cache add spec .
7 silly cache add parsed spec { raw: '.',
7 silly cache add   scope: null,
7 silly cache add   name: null,
7 silly cache add   rawSpec: '.',
7 silly cache add   spec: '/Users/shengzhou/Documents/dispatcher',
7 silly cache add   type: 'directory' }
8 verbose addLocalDirectory /Users/shengzhou/.npm/flex-dispatcher-promise/1.0.0/package.tgz not in flight; packing
9 verbose tar pack [ '/Users/shengzhou/.npm/flex-dispatcher-promise/1.0.0/package.tgz',
9 verbose tar pack   '/Users/shengzhou/Documents/dispatcher' ]
10 verbose tarball /Users/shengzhou/.npm/flex-dispatcher-promise/1.0.0/package.tgz
11 verbose folder /Users/shengzhou/Documents/dispatcher
12 info prepublish flex-dispatcher-promise@1.0.0
13 verbose addLocalTarball adding from inside cache /Users/shengzhou/.npm/flex-dispatcher-promise/1.0.0/package.tgz
14 silly cache afterAdd flex-dispatcher-promise@1.0.0
15 verbose afterAdd /Users/shengzhou/.npm/flex-dispatcher-promise/1.0.0/package/package.json not in flight; writing
16 verbose afterAdd /Users/shengzhou/.npm/flex-dispatcher-promise/1.0.0/package/package.json written
17 silly publish { name: 'flex-dispatcher-promise',
17 silly publish   description: 'flex dispatcher with promise',
17 silly publish   version: '1.0.0',
17 silly publish   engines: { node: '0.12.x' },
17 silly publish   private: true,
17 silly publish   dependencies:
17 silly publish    { bluebird: '^2.9.30',
17 silly publish      debug: '^2.2.0',
17 silly publish      gulp: '^3.9.0',
17 silly publish      'gulp-babel': '^5.1.0',
17 silly publish      'gulp-clean': '^0.3.1',
17 silly publish      'gulp-plumber': '^1.0.1',
17 silly publish      'gulp-watch': '^4.2.4',
17 silly publish      lodash: '^3.9.3',
17 silly publish      'run-sequence': '^1.1.1' },
17 silly publish   devDependencies: { mocha: '^2.2.5' },
17 silly publish   scripts: { test: 'mocha', postinstall: 'gulp build' },
17 silly publish   gitHead: '4a8e83c22353de89f7f2caa0b58371a3217903a6',
17 silly publish   readme: 'ERROR: No README data found!',
17 silly publish   _id: 'flex-dispatcher-promise@1.0.0',
17 silly publish   _shasum: '4e264511b4fb58cfc9116ad80aa01690e2ea0f7a',
17 silly publish   _from: '.' }
18 verbose getPublishConfig undefined
19 verbose stack Error: This package has been marked as private
19 verbose stack Remove the 'private' field from the package.json to publish it.
19 verbose stack     at publish_ (/usr/local/lib/node_modules/npm/lib/publish.js:98:5)
19 verbose stack     at Array.<anonymous> (/usr/local/lib/node_modules/npm/node_modules/slide/lib/bind-actor.js:15:8)
19 verbose stack     at LOOP (/usr/local/lib/node_modules/npm/node_modules/slide/lib/chain.js:15:14)
19 verbose stack     at LOOP (/usr/local/lib/node_modules/npm/node_modules/slide/lib/chain.js:14:28)
19 verbose stack     at chain (/usr/local/lib/node_modules/npm/node_modules/slide/lib/chain.js:20:5)
19 verbose stack     at /usr/local/lib/node_modules/npm/lib/publish.js:73:5
19 verbose stack     at RES (/usr/local/lib/node_modules/npm/node_modules/inflight/inflight.js:23:14)
19 verbose stack     at f (/usr/local/lib/node_modules/npm/node_modules/once/once.js:17:25)
19 verbose stack     at /usr/local/lib/node_modules/npm/lib/cache.js:350:14
19 verbose stack     at /usr/local/lib/node_modules/npm/node_modules/write-file-atomic/index.js:29:15
20 verbose cwd /Users/shengzhou/Documents/dispatcher
21 error Darwin 14.3.0
22 error argv "/usr/local/bin/node" "/usr/local/bin/npm" "publish"
23 error node v0.12.4
24 error npm  v2.10.1
25 error This package has been marked as private
25 error Remove the 'private' field from the package.json to publish it.
26 error If you need help, you may report this error at:
26 error     <https://github.com/npm/npm/issues>
27 verbose exit [ 1, true ]
